The system is: Windows - 10.0.19041 - AMD64
Compiling the C compiler identification source file "CMakeCCompilerId.c" succeeded.
Compiler: C:/Program Files (x86)/Microsoft Visual Studio/2019/Community/VC/Tools/MSVC/14.28.29333/bin/Hostx64/x64/cl.exe 
Build flags: 
Id flags:  

The output was:
0
Microsoft (R) C/C++ Optimizing Compiler Version 19.28.29335 for x64
Copyright (C) Microsoft Corporation.  All rights reserved.

CMakeCCompilerId.c
Microsoft (R) Incremental Linker Version 14.28.29335.0
Copyright (C) Microsoft Corporation.  All rights reserved.

/out:CMakeCCompilerId.exe 
CMakeCCompilerId.obj 


Compilation of the C compiler identification source "CMakeCCompilerId.c" produced "CMakeCCompilerId.exe"

Compilation of the C compiler identification source "CMakeCCompilerId.c" produced "CMakeCCompilerId.obj"

The C compiler identification is MSVC, found in "C:/Users/devol/Desktop/oRO/out/build/x64-Debug (default)/CMakeFiles/3.18.20081302-MSVC_2/CompilerIdC/CMakeCCompilerId.exe"

Compiling the CXX compiler identification source file "CMakeCXXCompilerId.cpp" succeeded.
Compiler: C:/Program Files (x86)/Microsoft Visual Studio/2019/Community/VC/Tools/MSVC/14.28.29333/bin/Hostx64/x64/cl.exe 
Build flags: 
Id flags:  

The output was:
0
Microsoft (R) C/C++ Optimizing Compiler Version 19.28.29335 for x64
Copyright (C) Microsoft Corporation.  All rights reserved.

CMakeCXXCompilerId.cpp
Microsoft (R) Incremental Linker Version 14.28.29335.0
Copyright (C) Microsoft Corporation.  All rights reserved.

/out:CMakeCXXCompilerId.exe 
CMakeCXXCompilerId.obj 


Compilation of the CXX compiler identification source "CMakeCXXCompilerId.cpp" produced "CMakeCXXCompilerId.exe"

Compilation of the CXX compiler identification source "CMakeCXXCompilerId.cpp" produced "CMakeCXXCompilerId.obj"

The CXX compiler identification is MSVC, found in "C:/Users/devol/Desktop/oRO/out/build/x64-Debug (default)/CMakeFiles/3.18.20081302-MSVC_2/CompilerIdCXX/CMakeCXXCompilerId.exe"

Detecting C compiler ABI info compiled with the following output:
Change Dir: C:/Users/devol/Desktop/oRO/out/build/x64-Debug (default)/CMakeFiles/CMakeTmp

Run Build Command(s):C:/Program Files (x86)/Microsoft Visual Studio/2019/Community/Common7/IDE/CommonExtensions/Microsoft/CMake/Ninja/ninja.exe cmTC_a881f && [1/2] Building C object CMakeFiles\cmTC_a881f.dir\CMakeCCompilerABI.c.obj
[2/2] Linking C executable cmTC_a881f.exe



Detecting CXX compiler ABI info compiled with the following output:
Change Dir: C:/Users/devol/Desktop/oRO/out/build/x64-Debug (default)/CMakeFiles/CMakeTmp

Run Build Command(s):C:/Program Files (x86)/Microsoft Visual Studio/2019/Community/Common7/IDE/CommonExtensions/Microsoft/CMake/Ninja/ninja.exe cmTC_60e06 && [1/2] Building CXX object CMakeFiles\cmTC_60e06.dir\CMakeCXXCompilerABI.cpp.obj
[2/2] Linking CXX executable cmTC_60e06.exe



Determining if the include file sys/types.h exists passed with the following output:
Change Dir: C:/Users/devol/Desktop/oRO/out/build/x64-Debug (default)/CMakeFiles/CMakeTmp

Run Build Command(s):C:/Program Files (x86)/Microsoft Visual Studio/2019/Community/Common7/IDE/CommonExtensions/Microsoft/CMake/Ninja/ninja.exe cmTC_7b40e && [1/2] Building C object CMakeFiles\cmTC_7b40e.dir\CheckIncludeFile.c.obj
[2/2] Linking C executable cmTC_7b40e.exe



Determining if the include file stdint.h exists passed with the following output:
Change Dir: C:/Users/devol/Desktop/oRO/out/build/x64-Debug (default)/CMakeFiles/CMakeTmp

Run Build Command(s):C:/Program Files (x86)/Microsoft Visual Studio/2019/Community/Common7/IDE/CommonExtensions/Microsoft/CMake/Ninja/ninja.exe cmTC_d7224 && [1/2] Building C object CMakeFiles\cmTC_d7224.dir\CheckIncludeFile.c.obj
[2/2] Linking C executable cmTC_d7224.exe



Determining if the include file stddef.h exists passed with the following output:
Change Dir: C:/Users/devol/Desktop/oRO/out/build/x64-Debug (default)/CMakeFiles/CMakeTmp

Run Build Command(s):C:/Program Files (x86)/Microsoft Visual Studio/2019/Community/Common7/IDE/CommonExtensions/Microsoft/CMake/Ninja/ninja.exe cmTC_b0c06 && [1/2] Building C object CMakeFiles\cmTC_b0c06.dir\CheckIncludeFile.c.obj
[2/2] Linking C executable cmTC_b0c06.exe



Determining size of unsigned short passed with the following output:
Change Dir: C:/Users/devol/Desktop/oRO/out/build/x64-Debug (default)/CMakeFiles/CMakeTmp

Run Build Command(s):C:/Program Files (x86)/Microsoft Visual Studio/2019/Community/Common7/IDE/CommonExtensions/Microsoft/CMake/Ninja/ninja.exe cmTC_ba0ba && [1/2] Building C object CMakeFiles\cmTC_ba0ba.dir\CMAKE_SIZEOF_UNSIGNED_SHORT.c.obj
[2/2] Linking C executable cmTC_ba0ba.exe



Determining if the system is big endian passed with the following output:
Change Dir: C:/Users/devol/Desktop/oRO/out/build/x64-Debug (default)/CMakeFiles/CMakeTmp

Run Build Command(s):C:/Program Files (x86)/Microsoft Visual Studio/2019/Community/Common7/IDE/CommonExtensions/Microsoft/CMake/Ninja/ninja.exe cmTC_3503f && [1/2] Building C object CMakeFiles\cmTC_3503f.dir\TestEndianess.c.obj
[2/2] Linking C executable cmTC_3503f.exe


TestEndianess.c:
/* A 16 bit integer is required. */
typedef unsigned short cmakeint16;

/* On a little endian machine, these 16bit ints will give "THIS IS LITTLE ENDIAN."
   On a big endian machine the characters will be exchanged pairwise. */
const cmakeint16 info_little[] =  {0x4854, 0x5349, 0x4920, 0x2053, 0x494c, 0x5454, 0x454c, 0x4520, 0x444e, 0x4149, 0x2e4e, 0x0000};

/* on a big endian machine, these 16bit ints will give "THIS IS BIG ENDIAN."
   On a little endian machine the characters will be exchanged pairwise. */
const cmakeint16 info_big[] =     {0x5448, 0x4953, 0x2049, 0x5320, 0x4249, 0x4720, 0x454e, 0x4449, 0x414e, 0x2e2e, 0x0000};

#ifdef __CLASSIC_C__
int main(argc, argv) int argc; char *argv[];
#else
int main(int argc, char *argv[])
#endif
{
  int require = 0;
  require += info_little[argc];
  require += info_big[argc];
  (void)argv;
  return require;
}


Determining if the function strnlen exists passed with the following output:
Change Dir: C:/Users/devol/Desktop/oRO/out/build/x64-Debug (default)/CMakeFiles/CMakeTmp

Run Build Command(s):C:/Program Files (x86)/Microsoft Visual Studio/2019/Community/Common7/IDE/CommonExtensions/Microsoft/CMake/Ninja/ninja.exe cmTC_6f540 && [1/2] Building C object CMakeFiles\cmTC_6f540.dir\CheckFunctionExists.c.obj
[2/2] Linking C executable cmTC_6f540.exe



Determining if the function getpid exists passed with the following output:
Change Dir: C:/Users/devol/Desktop/oRO/out/build/x64-Debug (default)/CMakeFiles/CMakeTmp

Run Build Command(s):C:/Program Files (x86)/Microsoft Visual Studio/2019/Community/Common7/IDE/CommonExtensions/Microsoft/CMake/Ninja/ninja.exe cmTC_71a5c && [1/2] Building C object CMakeFiles\cmTC_71a5c.dir\CheckFunctionExists.c.obj
[2/2] Linking C executable cmTC_71a5c.exe



